<?xml version="1.0" encoding="UTF-8"?>
<!-- Generated by org.testng.reporters.JUnitReportReporter -->
<testsuite hostname="LAPTOP-FFCGLBOM" failures="0" tests="1" name="testNG.FlipkartPriceValidation" time="10.443" errors="0" timestamp="2024-09-15T15:31:25 IST" skipped="0">
  <testcase classname="testNG.FlipkartPriceValidation" name="price" time="10.443"/>
</testsuite> <!-- testNG.FlipkartPriceValidation -->
