<?xml version="1.0" encoding="UTF-8"?>
<!-- Generated by org.testng.reporters.JUnitReportReporter -->
<testsuite hostname="LAPTOP-FFCGLBOM" failures="0" tests="2" name="testNG.AnnotationsForSauceDemo1" time="26.176" errors="0" timestamp="2025-01-10T15:53:51 IST" skipped="0">
  <testcase classname="testNG.AnnotationsForSauceDemo1" name="Product1" time="13.052"/>
  <testcase classname="testNG.AnnotationsForSauceDemo1" name="Product2" time="13.124"/>
</testsuite> <!-- testNG.AnnotationsForSauceDemo1 -->
