<?xml version="1.0" encoding="UTF-8"?>
<!-- Generated by org.testng.reporters.JUnitReportReporter -->
<testsuite hostname="LAPTOP-FFCGLBOM" failures="0" tests="4" name="testNG.FrontAccounting1" time="46.740" errors="0" timestamp="2024-09-01T17:13:35 IST" skipped="0">
  <testcase classname="testNG.FrontAccounting1" name="login" time="12.103"/>
  <testcase classname="testNG.FrontAccounting1" name="login" time="12.039"/>
  <testcase classname="testNG.FrontAccounting1" name="login" time="11.846"/>
  <testcase classname="testNG.FrontAccounting1" name="login" time="10.752"/>
</testsuite> <!-- testNG.FrontAccounting1 -->
