<?xml version="1.0" encoding="UTF-8"?>
<!-- Generated by org.testng.reporters.JUnitReportReporter -->
<testsuite hostname="LAPTOP-FFCGLBOM" failures="0" tests="2" name="testNG.AnnotationsForFrontAccounting_Task" time="40.051" errors="0" timestamp="2025-03-06T00:35:31 IST" skipped="0">
  <testcase classname="testNG.AnnotationsForFrontAccounting_Task" name="SalesQuotation" time="20.975"/>
  <testcase classname="testNG.AnnotationsForFrontAccounting_Task" name="SalesOrder" time="19.076"/>
</testsuite> <!-- testNG.AnnotationsForFrontAccounting_Task -->
