<?xml version="1.0" encoding="UTF-8"?>
<!-- Generated by org.testng.reporters.JUnitReportReporter -->
<testsuite hostname="LAPTOP-FFCGLBOM" failures="0" tests="1" name="com.APITesting.StatusCodeVerification" time="4.116" errors="0" timestamp="2025-02-13T17:24:03 IST" skipped="0">
  <testcase classname="com.APITesting.StatusCodeVerification" name="statuscode" time="4.116"/>
</testsuite> <!-- com.APITesting.StatusCodeVerification -->
