<?xml version="1.0" encoding="UTF-8"?>
<!-- Generated by org.testng.reporters.JUnitReportReporter -->
<testsuite hostname="LAPTOP-FFCGLBOM" failures="0" tests="2" name="testNG.AnnotationsForSauceDemo" time="37.286" errors="0" timestamp="2025-03-06T00:36:57 IST" skipped="0">
  <testcase classname="testNG.AnnotationsForSauceDemo" name="Product2" time="18.708"/>
  <testcase classname="testNG.AnnotationsForSauceDemo" name="Product1" time="18.578"/>
</testsuite> <!-- testNG.AnnotationsForSauceDemo -->
