<?xml version="1.0" encoding="UTF-8"?>
<!-- Generated by org.testng.reporters.JUnitReportReporter -->
<testsuite hostname="LAPTOP-FFCGLBOM" failures="0" tests="3" name="testNG.CrossBrowserTestingGrid_Standalone" time="19.121" errors="0" timestamp="2024-09-15T17:21:57 IST" skipped="0">
  <testcase classname="testNG.CrossBrowserTestingGrid_Standalone" name="login" time="7.018"/>
  <testcase classname="testNG.CrossBrowserTestingGrid_Standalone" name="login" time="6.482"/>
  <testcase classname="testNG.CrossBrowserTestingGrid_Standalone" name="login" time="5.621"/>
</testsuite> <!-- testNG.CrossBrowserTestingGrid_Standalone -->
