<?xml version="1.0" encoding="UTF-8"?>
<!-- Generated by org.testng.reporters.JUnitReportReporter -->
<testsuite hostname="LAPTOP-FFCGLBOM" failures="0" tests="2" name="testNG.TestNG_Demo_04Aug" time="13.420" errors="0" timestamp="2024-08-04T17:49:30 IST" skipped="0">
  <testcase classname="testNG.TestNG_Demo_04Aug" name="google" time="6.580"/>
  <testcase classname="testNG.TestNG_Demo_04Aug" name="facebook" time="6.840"/>
</testsuite> <!-- testNG.TestNG_Demo_04Aug -->
