<?xml version="1.0" encoding="UTF-8"?>
<!-- Generated by org.testng.reporters.JUnitReportReporter -->
<testsuite hostname="LAPTOP-FFCGLBOM" failures="0" tests="4" name="testNG.GoogleSearch1" time="53.531" errors="0" timestamp="2025-01-15T17:58:48 IST" skipped="0">
  <testcase classname="testNG.GoogleSearch1" name="google" time="12.971"/>
  <testcase classname="testNG.GoogleSearch1" name="google" time="13.761"/>
  <testcase classname="testNG.GoogleSearch1" name="google" time="14.367"/>
  <testcase classname="testNG.GoogleSearch1" name="google" time="12.432"/>
</testsuite> <!-- testNG.GoogleSearch1 -->
