<?xml version="1.0" encoding="UTF-8"?>
<!-- Generated by org.testng.reporters.JUnitReportReporter -->
<testsuite hostname="LAPTOP-FFCGLBOM" failures="0" tests="4" name="testNG.GoogleSearch1" time="48.088" errors="0" timestamp="2024-09-01T17:40:23 IST" skipped="0">
  <testcase classname="testNG.GoogleSearch1" name="google" time="14.064"/>
  <testcase classname="testNG.GoogleSearch1" name="google" time="11.015"/>
  <testcase classname="testNG.GoogleSearch1" name="google" time="13.108"/>
  <testcase classname="testNG.GoogleSearch1" name="google" time="9.901"/>
</testsuite> <!-- testNG.GoogleSearch1 -->
