<?xml version="1.0" encoding="UTF-8"?>
<!-- Generated by org.testng.reporters.JUnitReportReporter -->
<testsuite hostname="LAPTOP-FFCGLBOM" failures="0" tests="1" name="com.APITesting.PutMethod" time="3.362" errors="0" timestamp="2024-12-24T14:49:32 IST" skipped="0">
  <testcase classname="com.APITesting.PutMethod" name="Update" time="3.362"/>
</testsuite> <!-- com.APITesting.PutMethod -->
