<?xml version="1.0" encoding="UTF-8"?>
<!-- Generated by org.testng.reporters.JUnitReportReporter -->
<testsuite hostname="LAPTOP-FFCGLBOM" failures="0" tests="2" name="logger4jDemo.CrossBrowserwithLog4j" time="24.947" errors="0" timestamp="2025-01-08T16:57:48 IST" skipped="0">
  <testcase classname="logger4jDemo.CrossBrowserwithLog4j" name="login" time="8.334"/>
  <testcase classname="logger4jDemo.CrossBrowserwithLog4j" name="login" time="16.613"/>
</testsuite> <!-- logger4jDemo.CrossBrowserwithLog4j -->
