<?xml version="1.0" encoding="UTF-8"?>
<!-- Generated by org.testng.reporters.JUnitReportReporter -->
<testsuite hostname="LAPTOP-FFCGLBOM" failures="0" tests="1" name="com.APITesting.TimeVerify_0412" time="3.695" errors="0" timestamp="2025-02-13T17:27:08 IST" skipped="0">
  <testcase classname="com.APITesting.TimeVerify_0412" name="time" time="3.695"/>
</testsuite> <!-- com.APITesting.TimeVerify_0412 -->
