<?xml version="1.0" encoding="UTF-8"?>
<!-- Generated by org.testng.reporters.JUnitReportReporter -->
<testsuite hostname="LAPTOP-FFCGLBOM" failures="0" tests="1" name="com.APITesting.DeleteMethod" time="3.914" errors="0" timestamp="2024-12-04T14:32:39 IST" skipped="0">
  <testcase classname="com.APITesting.DeleteMethod" name="Deletedata" time="3.914"/>
</testsuite> <!-- com.APITesting.DeleteMethod -->
