<?xml version="1.0" encoding="UTF-8"?>
<!-- Generated by org.testng.reporters.JUnitReportReporter -->
<testsuite hostname="LAPTOP-FFCGLBOM" failures="0" tests="1" name="com.APITesting.GetMethod" time="2.141" errors="0" timestamp="2025-02-28T22:38:53 IST" skipped="0">
  <testcase classname="com.APITesting.GetMethod" name="ReqResGet" time="2.141"/>
</testsuite> <!-- com.APITesting.GetMethod -->
