<?xml version="1.0" encoding="UTF-8"?>
<!-- Generated by org.testng.reporters.JUnitReportReporter -->
<testsuite hostname="LAPTOP-FFCGLBOM" failures="0" tests="1" name="com.APITesting.PostMethod" time="4.207" errors="0" timestamp="2025-02-28T22:54:23 IST" skipped="0">
  <testcase classname="com.APITesting.PostMethod" name="RestPost" time="4.207"/>
</testsuite> <!-- com.APITesting.PostMethod -->
