<?xml version="1.0" encoding="UTF-8"?>
<!-- Generated by org.testng.reporters.JUnitReportReporter -->
<testsuite hostname="LAPTOP-FFCGLBOM" failures="0" tests="4" name="testNG.CustomisedReport" time="34.208" errors="0" timestamp="2024-09-08T16:21:06 IST" skipped="0">
  <testcase classname="testNG.CustomisedReport" name="login" time="13.436">
    <system-out>
      <![CDATA[Browser has been launch successful.
Browser has redirect to saucedemo web page.
User has enter performance_glitch_user has a username.
User has enter secret_sauce has a password.
User has click on login button.
User has click on open menu button.
User has been logout successful.]]>
    </system-out>
  </testcase> <!-- login -->
  <testcase classname="testNG.CustomisedReport" name="login" time="4.918">
    <system-out>
      <![CDATA[Browser has been launch successful.
Browser has redirect to saucedemo web page.
User has enter locked_out_user has a username.
User has enter secret_sauce has a password.
User has click on login button.
User not able to login by using locked_out_user secret_sauce]]>
    </system-out>
  </testcase> <!-- login -->
  <testcase classname="testNG.CustomisedReport" name="login" time="7.422">
    <system-out>
      <![CDATA[Browser has been launch successful.
Browser has redirect to saucedemo web page.
User has enter problem_user has a username.
User has enter secret_sauce has a password.
User has click on login button.
User has click on open menu button.
User has been logout successful.]]>
    </system-out>
  </testcase> <!-- login -->
  <testcase classname="testNG.CustomisedReport" name="login" time="8.432">
    <system-out>
      <![CDATA[Browser has been launch successful.
Browser has redirect to saucedemo web page.
User has enter standard_user has a username.
User has enter secret_sauce has a password.
User has click on login button.
User has click on open menu button.
User has been logout successful.]]>
    </system-out>
  </testcase> <!-- login -->
  <system-out>
    <![CDATA[Browser has been launch successful.
Browser has redirect to saucedemo web page.
User has enter standard_user has a username.
User has enter secret_sauce has a password.
User has click on login button.
User has click on open menu button.
User has been logout successful.
Browser has been launch successful.
Browser has redirect to saucedemo web page.
User has enter locked_out_user has a username.
User has enter secret_sauce has a password.
User has click on login button.
User not able to login by using locked_out_user secret_sauce
Browser has been launch successful.
Browser has redirect to saucedemo web page.
User has enter problem_user has a username.
User has enter secret_sauce has a password.
User has click on login button.
User has click on open menu button.
User has been logout successful.
Browser has been launch successful.
Browser has redirect to saucedemo web page.
User has enter performance_glitch_user has a username.
User has enter secret_sauce has a password.
User has click on login button.
User has click on open menu button.
User has been logout successful.]]>
  </system-out>
</testsuite> <!-- testNG.CustomisedReport -->
