<?xml version="1.0" encoding="UTF-8"?>
<!-- Generated by org.testng.reporters.JUnitReportReporter -->
<testsuite hostname="LAPTOP-FFCGLBOM" failures="0" tests="2" name="testNG.AnnotationsForSauceDemo1" time="26.201" errors="0" timestamp="2024-08-25T16:38:00 IST" skipped="0">
  <testcase classname="testNG.AnnotationsForSauceDemo1" name="Product2" time="13.247"/>
  <testcase classname="testNG.AnnotationsForSauceDemo1" name="Product1" time="12.954"/>
</testsuite> <!-- testNG.AnnotationsForSauceDemo1 -->
