<?xml version="1.0" encoding="UTF-8"?>
<!-- Generated by org.testng.reporters.JUnitReportReporter -->
<testsuite hostname="LAPTOP-FFCGLBOM" failures="0" tests="2" name="testNG.AnnotationsForFrontAccounting_Task" time="40.110" errors="0" timestamp="2024-08-25T17:23:18 IST" skipped="0">
  <testcase classname="testNG.AnnotationsForFrontAccounting_Task" name="SalesQuotation" time="20.139"/>
  <testcase classname="testNG.AnnotationsForFrontAccounting_Task" name="SalesOrder" time="19.971"/>
</testsuite> <!-- testNG.AnnotationsForFrontAccounting_Task -->
