<?xml version="1.0" encoding="UTF-8"?>
<!-- Generated by org.testng.reporters.JUnitReportReporter -->
<testsuite hostname="LAPTOP-FFCGLBOM" failures="0" tests="1" name="com.APITesting.VerifyResponseBody" time="3.304" errors="0" timestamp="2025-02-13T17:25:29 IST" skipped="0">
  <testcase classname="com.APITesting.VerifyResponseBody" name="bodycheck" time="3.304"/>
</testsuite> <!-- com.APITesting.VerifyResponseBody -->
