<?xml version="1.0" encoding="UTF-8"?>
<!-- Generated by org.testng.reporters.JUnitReportReporter -->
<testsuite hostname="LAPTOP-FFCGLBOM" failures="0" tests="2" name="testNG.AnnotationsForSauceDemo" time="41.019" errors="0" timestamp="2024-08-25T16:16:13 IST" skipped="0">
  <testcase classname="testNG.AnnotationsForSauceDemo" name="Product1" time="20.046"/>
  <testcase classname="testNG.AnnotationsForSauceDemo" name="Product2" time="20.973"/>
</testsuite> <!-- testNG.AnnotationsForSauceDemo -->
