<?xml version="1.0" encoding="UTF-8"?>
<!-- Generated by org.testng.reporters.JUnitReportReporter -->
<testsuite hostname="LAPTOP-FFCGLBOM" failures="0" tests="3" name="logger4jDemo.CrossBrowserwithLog4j" time="53.707" errors="0" timestamp="2024-09-29T17:39:23 IST" skipped="0">
  <testcase classname="logger4jDemo.CrossBrowserwithLog4j" name="login" time="17.124"/>
  <testcase classname="logger4jDemo.CrossBrowserwithLog4j" name="login" time="14.547"/>
  <testcase classname="logger4jDemo.CrossBrowserwithLog4j" name="login" time="22.036"/>
</testsuite> <!-- logger4jDemo.CrossBrowserwithLog4j -->
