<?xml version="1.0" encoding="UTF-8"?>
<!-- Generated by org.testng.reporters.JUnitReportReporter -->
<testsuite hostname="LAPTOP-FFCGLBOM" failures="0" tests="3" name="logger4jDemo.CrossBrowserwithLog4j" time="35.229" errors="0" timestamp="2024-10-20T16:20:23 IST" skipped="0">
  <testcase classname="logger4jDemo.CrossBrowserwithLog4j" name="login" time="13.619"/>
  <testcase classname="logger4jDemo.CrossBrowserwithLog4j" name="login" time="13.071"/>
  <testcase classname="logger4jDemo.CrossBrowserwithLog4j" name="login" time="8.539"/>
</testsuite> <!-- logger4jDemo.CrossBrowserwithLog4j -->
